[16:50:34] [ServerMain/INFO]: Environment: authHost='https://authserver.mojang.com', accountsHost='https://api.mojang.com', sessionHost='https://sessionserver.mojang.com', servicesHost='https://api.minecraftservices.com', name='PROD'
[16:50:37] [ServerMain/INFO]: Loaded 7 recipes
[16:50:37] [ServerMain/INFO]: Loaded 1271 advancements
[16:50:38] [Server thread/INFO]: Starting minecraft server version 1.20.1
[16:50:38] [Server thread/INFO]: Loading properties
[16:50:38] [Server thread/INFO]: Default game type: SURVIVAL
[16:50:38] [Server thread/INFO]: Generating keypair
[16:50:38] [Server thread/INFO]: Starting Minecraft server on *:25565
[16:50:38] [Server thread/INFO]: Using epoll channel type
[16:50:39] [Server thread/INFO]: Preparing level "world"
[16:50:44] [Server thread/INFO]: Preparing start region for dimension minecraft:overworld
[16:50:49] [Worker-Main-1/INFO]: Preparing spawn area: 0%
[16:50:49] [Worker-Main-1/INFO]: Preparing spawn area: 0%
[16:50:49] [Worker-Main-1/INFO]: Preparing spawn area: 0%
[16:50:49] [Worker-Main-1/INFO]: Preparing spawn area: 0%
[16:50:49] [Worker-Main-1/INFO]: Preparing spawn area: 0%
[16:50:49] [Worker-Main-1/INFO]: Preparing spawn area: 0%
[16:50:49] [Worker-Main-1/INFO]: Preparing spawn area: 0%
[16:50:49] [Worker-Main-1/INFO]: Preparing spawn area: 0%
[16:50:49] [Worker-Main-1/INFO]: Preparing spawn area: 0%
[16:50:49] [Worker-Main-1/INFO]: Preparing spawn area: 0%
[16:50:49] [Worker-Main-1/INFO]: Preparing spawn area: 0%
[16:50:50] [Worker-Main-1/INFO]: Preparing spawn area: 0%
[16:50:50] [Worker-Main-1/INFO]: Preparing spawn area: 0%
[16:50:51] [Worker-Main-1/INFO]: Preparing spawn area: 0%
[16:50:51] [Server thread/INFO]: Time elapsed: 6979 ms
[16:50:51] [Server thread/INFO]: Done (12.891s)! For help, type "help"
[16:56:55] [User Authenticator #1/INFO]: UUID of player Iaqocraft is 6b94834c-3a61-451a-889e-c47e334a64d5
[16:56:55] [Server thread/INFO]: Iaqocraft[/127.12.58.93:36959] logged in with entity id 235 at (-299.37400869863006, 158.0, 81.54784179357719)
[16:56:55] [Server thread/INFO]: Iaqocraft joined the game
[16:56:58] [Server thread/WARN]: Can't keep up! Is the server overloaded? Running 3256ms or 65 ticks behind
[16:57:06] [Server thread/INFO]: Iaqocraft lost connection: Disconnected
[16:57:06] [Server thread/INFO]: Iaqocraft left the game
